<?xml version="1.0" encoding="UTF-8"?>
<testng-results ignored="0" total="1" passed="1" failed="0" skipped="0">
  <reporter-output>
  </reporter-output>
  <suite started-at="2022-08-22T12:02:08Z" name="Nayaami_Framework" finished-at="2022-08-22T12:03:01Z" duration-ms="52767">
    <groups>
    </groups>
    <test started-at="2022-08-22T12:02:08Z" name="e_Commerce" finished-at="2022-08-22T12:03:01Z" duration-ms="52767">
      <class name="com.nayaami.test_cases.TC_LoginTest_001">
        <test-method is-config="true" signature="setup(java.lang.String)[pri:0, instance:com.nayaami.test_cases.TC_LoginTest_001@7880cdf3]" started-at="2022-08-22T12:02:09Z" name="setup" finished-at="2022-08-22T12:02:29Z" duration-ms="20239" status="PASS">
          <params>
            <param index="0">
              <value>
                <![CDATA[chrome]]>
              </value>
            </param>
          </params>
          <reporter-output>
          </reporter-output>
        </test-method> <!-- setup -->
        <test-method signature="loginTest()[pri:0, instance:com.nayaami.test_cases.TC_LoginTest_001@7880cdf3]" started-at="2022-08-22T12:02:29Z" name="loginTest" finished-at="2022-08-22T12:02:54Z" duration-ms="24558" status="PASS">
          <reporter-output>
          </reporter-output>
        </test-method> <!-- loginTest -->
        <test-method is-config="true" signature="tearDown()[pri:0, instance:com.nayaami.test_cases.TC_LoginTest_001@7880cdf3]" started-at="2022-08-22T12:02:54Z" name="tearDown" finished-at="2022-08-22T12:03:01Z" duration-ms="7177" status="PASS">
          <reporter-output>
          </reporter-output>
        </test-method> <!-- tearDown -->
      </class> <!-- com.nayaami.test_cases.TC_LoginTest_001 -->
    </test> <!-- e_Commerce -->
  </suite> <!-- Nayaami_Framework -->
</testng-results>
